SF:lib\src\fipe_car_api_client.dart
DA:8,1
DA:10,1
DA:15,1
DA:17,2
DA:18,2
DA:20,2
DA:21,1
DA:24,2
DA:26,4
DA:32,1
DA:34,3
DA:35,2
DA:37,2
DA:38,1
DA:41,2
DA:42,1
DA:45,3
DA:47,4
DA:53,1
DA:55,4
DA:56,1
DA:58,2
DA:59,1
DA:62,2
DA:63,1
DA:66,2
DA:68,4
DA:74,1
DA:77,4
DA:78,1
DA:80,2
DA:81,0
DA:84,2
DA:85,1
DA:88,2
DA:90,1
LF:36
LH:35
end_of_record
SF:lib\src\models\brand_model.dart
DA:2,1
DA:7,1
DA:8,1
DA:9,1
DA:10,1
LF:5
LH:5
end_of_record
SF:lib\src\models\car_data_model.dart
DA:2,1
DA:12,1
DA:13,1
DA:14,1
DA:15,1
DA:16,1
DA:17,2
DA:18,1
DA:19,1
DA:20,1
LF:10
LH:10
end_of_record
SF:lib\src\models\model_model.dart
DA:2,1
DA:7,1
DA:8,1
DA:9,2
DA:10,1
LF:5
LH:5
end_of_record
SF:lib\src\models\year_model.dart
DA:2,1
DA:7,1
DA:8,1
DA:9,1
DA:10,1
LF:5
LH:5
end_of_record
