SF:lib\src\fipe_car_api_client.dart
DA:7,1
DA:9,1
DA:14,1
DA:16,4
DA:18,2
DA:20,4
DA:23,1
DA:24,2
DA:25,3
DA:27,3
DA:29,4
DA:32,1
DA:33,4
DA:34,1
DA:36,2
DA:38,4
DA:41,1
DA:43,4
DA:44,1
DA:46,2
DA:48,1
LF:21
LH:21
end_of_record
SF:lib\src\models\brand_model.dart
DA:2,1
DA:7,1
DA:8,1
DA:9,1
DA:10,1
LF:5
LH:5
end_of_record
SF:lib\src\models\car_data_model.dart
DA:2,1
DA:12,1
DA:13,1
DA:14,1
DA:15,1
DA:16,1
DA:17,2
DA:18,1
DA:19,1
DA:20,1
LF:10
LH:10
end_of_record
SF:lib\src\models\model_model.dart
DA:2,1
DA:7,1
DA:8,1
DA:9,2
DA:10,1
LF:5
LH:5
end_of_record
SF:lib\src\models\year_model.dart
DA:2,1
DA:7,1
DA:8,1
DA:9,1
DA:10,1
LF:5
LH:5
end_of_record
